<?xml version="1.0" encoding="UTF-8"?>
<!-- Generated by org.testng.reporters.JUnitReportReporter -->
<testsuite hostname="LAPTOP-B0UG8PVA" failures="0" tests="1" name="packageOne.ClassFour" time="0.000" errors="0" timestamp="16 Mar 2023 23:12:36 GMT">
  <testcase classname="packageOne.ClassFour" name="testFour" time="0.000"/>
</testsuite> <!-- packageOne.ClassFour -->
